#
# A fatal error has been detected by the Java Runtime Environment:
#
#  EXCEPTION_ACCESS_VIOLATION (0xc0000005) at pc=0x0000000063343ad8, pid=2716, tid=0x00000000000024e0
#
# JRE version: OpenJDK Runtime Environment (8.0_76-b03) (build 1.8.0_76-release-b03)
# Java VM: OpenJDK 64-Bit Server VM (25.76-b03 mixed mode windows-amd64 compressed oops)
# Problematic frame:
# V  [jvm.dll+0x113ad8]
#
# Failed to write core dump. Minidumps are not enabled by default on client versions of Windows
#
# If you would like to submit a bug report, please visit:
#   http://bugreport.java.com/bugreport/crash.jsp
#

---------------  T H R E A D  ---------------

Current thread (0x0000000002e3b800):  GCTaskThread [stack: 0x00000000140a0000,0x00000000141a0000] [id=9440]

siginfo: ExceptionCode=0xc0000005, reading address 0xffffffffffffffff

Registers:
RAX=0x00000000141a0000, RBX=0x00000000000004aa, RCX=0x0000000000000000, RDX=0x0000000000000008
RSP=0x000000001419f5d0, RBP=0x0000000002f0a810, RSI=0x00000005da131488, RDI=0x0000000000000040
R8 =0x007ffffffd200000, R9 =0x0000000000000000, R10=0x000000000000000c, R11=0x0000000000000000
R12=0x00000005da131490, R13=0x0000000000000002, R14=0x00000005da131478, R15=0x0000000000000002
RIP=0x0000000063343ad8, EFLAGS=0x0000000000010202

Top of Stack: (sp=0x000000001419f5d0)
0x000000001419f5d0:   00000005da131478 000000006331e0d6
0x000000001419f5e0:   00000005da131478 00000005da131474
0x000000001419f5f0:   0000000002f0a810 0000000063343bf3
0x000000001419f600:   0000000000000000 00000000000003d8
0x000000001419f610:   0000000002e3c4c8 0000000025ab54a0
0x000000001419f620:   00000000000004aa 00000000635eeb00
0x000000001419f630:   0000000002f0a810 0000000002e33430
0x000000001419f640:   0000000002e3c0f0 0000000002e3c0f0
0x000000001419f650:   0000000000000000 03030000fffffcff
0x000000001419f660:   0303030303030303 0000030303030303
0x000000001419f670:   0000000000000000 0000000027c0f000
0x000000001419f680:   0000000000000001 0000000028130401
0x000000001419f690:   000049627fbe5be0 0000000002e3c4c8
0x000000001419f6a0:   0000000002e3c0f0 00000000000003d8
0x000000001419f6b0:   0000000002e3c0f0 0000000002e33430
0x000000001419f6c0:   0000000002e3c0e0 0000000025ab54a0 

Instructions: (pc=0x0000000063343ad8)
0x0000000063343ab8:   05 43 62 6a 00 49 c1 e8 03 49 d3 e8 41 0f b6 c0
0x0000000063343ac8:   49 c1 e8 06 24 3f 0f b6 d0 48 8b 05 58 62 6a 00
0x0000000063343ad8:   4a 8b 0c c0 48 0f a3 d1 72 3e 48 8b cf e8 46 0d
0x0000000063343ae8:   fd ff 84 c0 74 32 48 8b d7 48 8b cd e8 17 dc fc 


Register to memory mapping:

RAX=0x00000000141a0000 is an unknown value
RBX=0x00000000000004aa is an unknown value
RCX=0x0000000000000000 is an unknown value
RDX=0x0000000000000008 is an unknown value
RSP=0x000000001419f5d0 is an unknown value
RBP=0x0000000002f0a810 is an unknown value
RSI=0x00000005da131488 is pointing into object: 0x00000005da131478
[Lcom.android.dx.rop.code.RegisterSpec; 
 - klass: 'com/android/dx/rop/code/RegisterSpec'[]
 - length: 2
RDI=0x0000000000000040 is an unknown value
R8 =0x007ffffffd200000 is an unknown value
R9 =0x0000000000000000 is an unknown value
R10=0x000000000000000c is an unknown value
R11=0x0000000000000000 is an unknown value
R12=0x00000005da131490 is an oop
com.android.dx.dex.code.CodeAddress 
 - klass: 'com/android/dx/dex/code/CodeAddress'
R13=0x0000000000000002 is an unknown value
R14=0x00000005da131478 is an oop
[Lcom.android.dx.rop.code.RegisterSpec; 
 - klass: 'com/android/dx/rop/code/RegisterSpec'[]
 - length: 2
R15=0x0000000000000002 is an unknown value


Stack: [0x00000000140a0000,0x00000000141a0000],  sp=0x000000001419f5d0,  free space=1021k
Native frames: (J=compiled Java code, j=interpreted, Vv=VM code, C=native code)
V  [jvm.dll+0x113ad8]
V  [jvm.dll+0x3beb00]
V  [jvm.dll+0x3bbb23]
V  [jvm.dll+0x3b997e]
V  [jvm.dll+0x26b60a]
C  [msvcr100.dll+0x21d9f]
C  [msvcr100.dll+0x21e3b]
C  [KERNEL32.DLL+0x8364]
C  [ntdll.dll+0x65e91]


---------------  P R O C E S S  ---------------

Java Threads: ( => current thread )
  0x0000000027c0f000 JavaThread "pool-2-thread-4" [_thread_blocked, id=8724, stack(0x0000000028720000,0x0000000028820000)]
  0x0000000027c0e800 JavaThread "pool-2-thread-3" [_thread_blocked, id=8584, stack(0x0000000028620000,0x0000000028720000)]
  0x0000000027c0d800 JavaThread "pool-2-thread-2" [_thread_blocked, id=4180, stack(0x0000000028520000,0x0000000028620000)]
  0x0000000027edb800 JavaThread "pool-3-thread-1" [_thread_blocked, id=1176, stack(0x0000000028420000,0x0000000028520000)]
  0x0000000027edb000 JavaThread "pool-2-thread-1" [_thread_blocked, id=800, stack(0x0000000028320000,0x0000000028420000)]
  0x0000000027545000 JavaThread "Service Thread" daemon [_thread_blocked, id=6860, stack(0x0000000027920000,0x0000000027a20000)]
  0x0000000025bdd000 JavaThread "C1 CompilerThread2" daemon [_thread_blocked, id=7132, stack(0x0000000027420000,0x0000000027520000)]
  0x0000000025bd9800 JavaThread "C2 CompilerThread1" daemon [_thread_blocked, id=2520, stack(0x0000000027320000,0x0000000027420000)]
  0x0000000025be9800 JavaThread "C2 CompilerThread0" daemon [_thread_blocked, id=6288, stack(0x0000000027220000,0x0000000027320000)]
  0x0000000025be8800 JavaThread "Attach Listener" daemon [_thread_blocked, id=2192, stack(0x0000000027120000,0x0000000027220000)]
  0x0000000025be7000 JavaThread "Signal Dispatcher" daemon [_thread_blocked, id=8940, stack(0x0000000027020000,0x0000000027120000)]
  0x0000000025bc8800 JavaThread "Finalizer" daemon [_thread_blocked, id=6968, stack(0x0000000026e30000,0x0000000026f30000)]
  0x0000000002f13000 JavaThread "Reference Handler" daemon [_thread_blocked, id=8056, stack(0x0000000026d30000,0x0000000026e30000)]
  0x00000000016bd800 JavaThread "main" [_thread_blocked, id=9388, stack(0x0000000002c80000,0x0000000002d80000)]

Other Threads:
  0x0000000025ba4800 VMThread [stack: 0x0000000026c30000,0x0000000026d30000] [id=9052]
  0x0000000027546800 WatcherThread [stack: 0x0000000027a20000,0x0000000027b20000] [id=2176]

=>0x0000000002e3b800 (exited) GCTaskThread [stack: 0x00000000140a0000,0x00000000141a0000] [id=9440]

VM state:at safepoint (normal execution)

VM Mutex/Monitor currently owned by a thread:  ([mutex/lock_event])
[0x00000000016bc660] Threads_lock - owner thread: 0x0000000025ba4800
[0x00000000016bca60] Heap_lock - owner thread: 0x0000000027c0e800

Heap:
 PSYoungGen      total 634368K, used 139332K [0x0000000715580000, 0x000000074b700000, 0x00000007c0000000)
  eden space 473088K, 0% used [0x0000000715580000,0x0000000715580000,0x0000000732380000)
  from space 161280K, 86% used [0x0000000732380000,0x000000073ab913e0,0x000000073c100000)
  to   space 180224K, 0% used [0x0000000740700000,0x0000000740700000,0x000000074b700000)
 ParOldGen       total 609792K, used 553573K [0x00000005c0000000, 0x00000005e5380000, 0x0000000715580000)
  object space 609792K, 90% used [0x00000005c0000000,0x00000005e1c996c0,0x00000005e5380000)
 Metaspace       used 6618K, capacity 7282K, committed 7552K, reserved 1056768K
  class space    used 601K, capacity 618K, committed 640K, reserved 1048576K

Card table byte_map: [0x00000000122e0000,0x00000000132f0000] byte_map_base: 0x000000000f4e0000

Marking Bits: (ParMarkBitMap*) 0x00000000639e9d00
 Begin Bits: [0x00000000141a0000, 0x000000001c1a0000)
 End Bits:   [0x000000001c1a0000, 0x00000000241a0000)

Polling page: 0x0000000001680000

CodeCache: size=245760Kb used=14079Kb max_used=14092Kb free=231680Kb
 bounds [0x0000000002f20000, 0x0000000003cf0000, 0x0000000011f20000]
 total_blobs=2955 nmethods=2685 adapters=183
 compilation: enabled

Compilation events (10 events):
Event: 40.793 Thread 0x0000000025be9800 nmethod 3146 0x0000000003ce1a10 code [0x0000000003ce1b80, 0x0000000003ce2298]
Event: 40.794 Thread 0x0000000025be9800 3153       4       com.android.dx.ssa.back.InterferenceGraph::mergeInterferenceSet (29 bytes)
Event: 40.798 Thread 0x0000000025bd9800 nmethod 3147 0x0000000003cd1b50 code [0x0000000003cd1ca0, 0x0000000003cd2138]
Event: 40.798 Thread 0x0000000025bd9800 3142       4       com.android.dx.ssa.back.LivenessAnalyzer::liveOutAtBlock (68 bytes)
Event: 40.814 Thread 0x0000000025be9800 nmethod 3153 0x0000000003ce5190 code [0x0000000003ce5320, 0x0000000003ce5bf8]
Event: 40.814 Thread 0x0000000025be9800 3143       4       com.android.dx.ssa.SsaBasicBlock::addLiveOut (32 bytes)
Event: 40.840 Thread 0x0000000025bd9800 nmethod 3142 0x0000000003ced810 code [0x0000000003ced9e0, 0x0000000003ceeb58]
Event: 40.841 Thread 0x0000000025bd9800 3148       4       com.android.dx.ssa.SetFactory::makeLivenessSet (26 bytes)
Event: 40.841 Thread 0x0000000025be9800 nmethod 3143 0x0000000003ce6a90 code [0x0000000003ce6c40, 0x0000000003ce7978]
Event: 40.845 Thread 0x0000000025bd9800 nmethod 3148 0x0000000003ced110 code [0x0000000003ced280, 0x0000000003ced5d8]

GC Heap History (10 events):
Event: 26.642 GC heap after
Heap after GC invocations=20 (full 4):
 PSYoungGen      total 557568K, used 115700K [0x0000000715580000, 0x0000000742900000, 0x00000007c0000000)
  eden space 441856K, 0% used [0x0000000715580000,0x0000000715580000,0x0000000730500000)
  from space 115712K, 99% used [0x0000000738d00000,0x000000073fdfd0d0,0x000000073fe00000)
  to   space 139264K, 0% used [0x0000000730500000,0x0000000730500000,0x0000000738d00000)
 ParOldGen       total 360448K, used 304407K [0x00000005c0000000, 0x00000005d6000000, 0x0000000715580000)
  object space 360448K, 84% used [0x00000005c0000000,0x00000005d2945c58,0x00000005d6000000)
 Metaspace       used 6605K, capacity 7282K, committed 7552K, reserved 1056768K
  class space    used 600K, capacity 618K, committed 640K, reserved 1048576K
}
Event: 28.108 GC heap before
{Heap before GC invocations=21 (full 4):
 PSYoungGen      total 557568K, used 557556K [0x0000000715580000, 0x0000000742900000, 0x00000007c0000000)
  eden space 441856K, 100% used [0x0000000715580000,0x0000000730500000,0x0000000730500000)
  from space 115712K, 99% used [0x0000000738d00000,0x000000073fdfd0d0,0x000000073fe00000)
  to   space 139264K, 0% used [0x0000000730500000,0x0000000730500000,0x0000000738d00000)
 ParOldGen       total 360448K, used 304407K [0x00000005c0000000, 0x00000005d6000000, 0x0000000715580000)
  object space 360448K, 84% used [0x00000005c0000000,0x00000005d2945c58,0x00000005d6000000)
 Metaspace       used 6617K, capacity 7282K, committed 7552K, reserved 1056768K
  class space    used 601K, capacity 618K, committed 640K, reserved 1048576K
Event: 28.379 GC heap after
Heap after GC invocations=21 (full 4):
 PSYoungGen      total 581120K, used 68975K [0x0000000715580000, 0x0000000744700000, 0x00000007c0000000)
  eden space 441856K, 0% used [0x0000000715580000,0x0000000715580000,0x0000000730500000)
  from space 139264K, 49% used [0x0000000730500000,0x000000073485bc70,0x0000000738d00000)
  to   space 137216K, 0% used [0x000000073c100000,0x000000073c100000,0x0000000744700000)
 ParOldGen       total 420864K, used 420789K [0x00000005c0000000, 0x00000005d9b00000, 0x0000000715580000)
  object space 420864K, 99% used [0x00000005c0000000,0x00000005d9aed4f8,0x00000005d9b00000)
 Metaspace       used 6617K, capacity 7282K, committed 7552K, reserved 1056768K
  class space    used 601K, capacity 618K, committed 640K, reserved 1048576K
}
Event: 28.379 GC heap before
{Heap before GC invocations=22 (full 5):
 PSYoungGen      total 581120K, used 68975K [0x0000000715580000, 0x0000000744700000, 0x00000007c0000000)
  eden space 441856K, 0% used [0x0000000715580000,0x0000000715580000,0x0000000730500000)
  from space 139264K, 49% used [0x0000000730500000,0x000000073485bc70,0x0000000738d00000)
  to   space 137216K, 0% used [0x000000073c100000,0x000000073c100000,0x0000000744700000)
 ParOldGen       total 420864K, used 420789K [0x00000005c0000000, 0x00000005d9b00000, 0x0000000715580000)
  object space 420864K, 99% used [0x00000005c0000000,0x00000005d9aed4f8,0x00000005d9b00000)
 Metaspace       used 6617K, capacity 7282K, committed 7552K, reserved 1056768K
  class space    used 601K, capacity 618K, committed 640K, reserved 1048576K
Event: 31.227 GC heap after
Heap after GC invocations=22 (full 5):
 PSYoungGen      total 581120K, used 60987K [0x0000000715580000, 0x0000000744700000, 0x00000007c0000000)
  eden space 441856K, 0% used [0x0000000715580000,0x0000000715580000,0x0000000730500000)
  from space 139264K, 43% used [0x0000000730500000,0x000000073408eda0,0x0000000738d00000)
  to   space 137216K, 0% used [0x000000073c100000,0x000000073c100000,0x0000000744700000)
 ParOldGen       total 609792K, used 420746K [0x00000005c0000000, 0x00000005e5380000, 0x0000000715580000)
  object space 609792K, 68% used [0x00000005c0000000,0x00000005d9ae29f0,0x00000005e5380000)
 Metaspace       used 6617K, capacity 7282K, committed 7552K, reserved 1056768K
  class space    used 601K, capacity 618K, committed 640K, reserved 1048576K
}
Event: 37.997 GC heap before
{Heap before GC invocations=23 (full 5):
 PSYoungGen      total 581120K, used 502843K [0x0000000715580000, 0x0000000744700000, 0x00000007c0000000)
  eden space 441856K, 100% used [0x0000000715580000,0x0000000730500000,0x0000000730500000)
  from space 139264K, 43% used [0x0000000730500000,0x000000073408eda0,0x0000000738d00000)
  to   space 137216K, 0% used [0x000000073c100000,0x000000073c100000,0x0000000744700000)
 ParOldGen       total 609792K, used 420746K [0x00000005c0000000, 0x00000005e5380000, 0x0000000715580000)
  object space 609792K, 68% used [0x00000005c0000000,0x00000005d9ae29f0,0x00000005e5380000)
 Metaspace       used 6617K, capacity 7282K, committed 7552K, reserved 1056768K
  class space    used 601K, capacity 618K, committed 640K, reserved 1048576K
Event: 38.326 GC heap after
Heap after GC invocations=23 (full 5):
 PSYoungGen      total 610304K, used 137200K [0x0000000715580000, 0x0000000746e80000, 0x00000007c0000000)
  eden space 473088K, 0% used [0x0000000715580000,0x0000000715580000,0x0000000732380000)
  from space 137216K, 99% used [0x000000073c100000,0x00000007446fc2a8,0x0000000744700000)
  to   space 161280K, 0% used [0x0000000732380000,0x0000000732380000,0x000000073c100000)
 ParOldGen       total 609792K, used 423578K [0x00000005c0000000, 0x00000005e5380000, 0x0000000715580000)
  object space 609792K, 69% used [0x00000005c0000000,0x00000005d9da6aa0,0x00000005e5380000)
 Metaspace       used 6617K, capacity 7282K, committed 7552K, reserved 1056768K
  class space    used 601K, capacity 618K, committed 640K, reserved 1048576K
}
Event: 40.853 GC heap before
{Heap before GC invocations=24 (full 5):
 PSYoungGen      total 610304K, used 610288K [0x0000000715580000, 0x0000000746e80000, 0x00000007c0000000)
  eden space 473088K, 100% used [0x0000000715580000,0x0000000732380000,0x0000000732380000)
  from space 137216K, 99% used [0x000000073c100000,0x00000007446fc2a8,0x0000000744700000)
  to   space 161280K, 0% used [0x0000000732380000,0x0000000732380000,0x000000073c100000)
 ParOldGen       total 609792K, used 423578K [0x00000005c0000000, 0x00000005e5380000, 0x0000000715580000)
  object space 609792K, 69% used [0x00000005c0000000,0x00000005d9da6aa0,0x00000005e5380000)
 Metaspace       used 6618K, capacity 7282K, committed 7552K, reserved 1056768K
  class space    used 601K, capacity 618K, committed 640K, reserved 1048576K
Event: 41.140 GC heap after
Heap after GC invocations=24 (full 5):
 PSYoungGen      total 634368K, used 139332K [0x0000000715580000, 0x000000074b700000, 0x00000007c0000000)
  eden space 473088K, 0% used [0x0000000715580000,0x0000000715580000,0x0000000732380000)
  from space 161280K, 86% used [0x0000000732380000,0x000000073ab913e0,0x000000073c100000)
  to   space 180224K, 0% used [0x0000000740700000,0x0000000740700000,0x000000074b700000)
 ParOldGen       total 609792K, used 553573K [0x00000005c0000000, 0x00000005e5380000, 0x0000000715580000)
  object space 609792K, 90% used [0x00000005c0000000,0x00000005e1c996c0,0x00000005e5380000)
 Metaspace       used 6618K, capacity 7282K, committed 7552K, reserved 1056768K
  class space    used 601K, capacity 618K, committed 640K, reserved 1048576K
}
Event: 41.140 GC heap before
{Heap before GC invocations=25 (full 6):
 PSYoungGen      total 634368K, used 139332K [0x0000000715580000, 0x000000074b700000, 0x00000007c0000000)
  eden space 473088K, 0% used [0x0000000715580000,0x0000000715580000,0x0000000732380000)
  from space 161280K, 86% used [0x0000000732380000,0x000000073ab913e0,0x000000073c100000)
  to   space 180224K, 0% used [0x0000000740700000,0x0000000740700000,0x000000074b700000)
 ParOldGen       total 609792K, used 553573K [0x00000005c0000000, 0x00000005e5380000, 0x0000000715580000)
  object space 609792K, 90% used [0x00000005c0000000,0x00000005e1c996c0,0x00000005e5380000)
 Metaspace       used 6618K, capacity 7282K, committed 7552K, reserved 1056768K
  class space    used 601K, capacity 618K, committed 640K, reserved 1048576K

Deoptimization events (10 events):
Event: 40.520 Thread 0x0000000027c0d800 Uncommon trap: reason=class_check action=maybe_recompile pc=0x000000000322fe60 method=com.android.dx.ssa.back.InterferenceGraph.add(II)V @ 19
Event: 40.548 Thread 0x0000000027c0e800 Uncommon trap: reason=predicate action=maybe_recompile pc=0x000000000324be0c method=com.android.dx.ssa.back.InterferenceGraph.<init>(I)V @ 23
Event: 40.668 Thread 0x0000000027c0d800 Uncommon trap: reason=class_check action=maybe_recompile pc=0x000000000303d4f0 method=com.android.dx.ssa.back.InterferenceGraph.mergeInterferenceSet(ILcom/android/dx/util/IntSet;)V @ 20
Event: 40.668 Thread 0x0000000027c0d800 Uncommon trap: reason=class_check action=maybe_recompile pc=0x00000000034aa794 method=com.android.dx.util.BitIntSet.merge(Lcom/android/dx/util/IntSet;)V @ 1
Event: 40.669 Thread 0x0000000027c0d800 Uncommon trap: reason=class_check action=maybe_recompile pc=0x000000000303d4f0 method=com.android.dx.ssa.back.InterferenceGraph.mergeInterferenceSet(ILcom/android/dx/util/IntSet;)V @ 20
Event: 40.669 Thread 0x0000000027c0d800 Uncommon trap: reason=class_check action=maybe_recompile pc=0x00000000034aa794 method=com.android.dx.util.BitIntSet.merge(Lcom/android/dx/util/IntSet;)V @ 1
Event: 40.669 Thread 0x0000000027c0d800 Uncommon trap: reason=class_check action=maybe_recompile pc=0x000000000303d4f0 method=com.android.dx.ssa.back.InterferenceGraph.mergeInterferenceSet(ILcom/android/dx/util/IntSet;)V @ 20
Event: 40.669 Thread 0x0000000027c0d800 Uncommon trap: reason=class_check action=maybe_recompile pc=0x00000000034aa794 method=com.android.dx.util.BitIntSet.merge(Lcom/android/dx/util/IntSet;)V @ 1
Event: 40.674 Thread 0x0000000027c0d800 Uncommon trap: reason=class_check action=maybe_recompile pc=0x000000000303d4f0 method=com.android.dx.ssa.back.InterferenceGraph.mergeInterferenceSet(ILcom/android/dx/util/IntSet;)V @ 20
Event: 40.674 Thread 0x0000000027c0d800 Uncommon trap: reason=class_check action=maybe_recompile pc=0x00000000034aa794 method=com.android.dx.util.BitIntSet.merge(Lcom/android/dx/util/IntSet;)V @ 1

Internal exceptions (10 events):
Event: 1.391 Thread 0x0000000027c0d800 Implicit null exception at 0x0000000003319ea2 to 0x0000000003319fa9
Event: 2.541 Thread 0x0000000027c0e800 Implicit null exception at 0x00000000032f7576 to 0x00000000032fa03d
Event: 2.656 Thread 0x0000000027c0f000 Implicit null exception at 0x000000000338e5dc to 0x0000000003390d65
Event: 2.664 Thread 0x0000000027c0d800 Implicit null exception at 0x0000000003461b63 to 0x0000000003461cd9
Event: 3.472 Thread 0x00000000016bd800 Exception <a 'java/lang/ArrayIndexOutOfBoundsException': 18> (0x000000071a286a38) thrown at [C:\src\android\AOSP-openjdk\external\jetbrains\jdk\hotspot\src\share\vm\interpreter\interpreterRuntime.cpp, line 366]
Event: 3.474 Thread 0x00000000016bd800 Exception <a 'java/lang/ArrayIndexOutOfBoundsException'> (0x000000071a2885b8) thrown at [C:\src\android\AOSP-openjdk\external\jetbrains\jdk\hotspot\src\share\vm\runtime\sharedRuntime.cpp, line 605]
Event: 3.475 Thread 0x00000000016bd800 Exception <a 'java/lang/ArrayIndexOutOfBoundsException'> (0x000000071a2898a0) thrown at [C:\src\android\AOSP-openjdk\external\jetbrains\jdk\hotspot\src\share\vm\runtime\sharedRuntime.cpp, line 605]
Event: 12.340 Thread 0x00000000016bd800 Implicit null exception at 0x0000000003088610 to 0x0000000003088f75
Event: 20.923 Thread 0x0000000027c0d800 Implicit null exception at 0x00000000031dd624 to 0x00000000031e5a31
Event: 26.675 Thread 0x0000000027edb000 Implicit null exception at 0x0000000003b97eb4 to 0x0000000003ba02c9

Events (10 events):
Event: 40.669 Thread 0x0000000027c0d800 DEOPT UNPACKING pc=0x0000000002f6556a sp=0x000000002861ea10 mode 2
Event: 40.674 Thread 0x0000000027c0d800 Uncommon trap: trap_request=0xffffffde fr.pc=0x000000000303d4f0
Event: 40.674 Thread 0x0000000027c0d800 DEOPT PACKING pc=0x000000000303d4f0 sp=0x000000002861eaf0
Event: 40.674 Thread 0x0000000027c0d800 DEOPT UNPACKING pc=0x0000000002f6556a sp=0x000000002861ea90 mode 2
Event: 40.674 Thread 0x0000000027c0d800 Uncommon trap: trap_request=0xffffffde fr.pc=0x00000000034aa794
Event: 40.674 Thread 0x0000000027c0d800 DEOPT PACKING pc=0x00000000034aa794 sp=0x000000002861ea50
Event: 40.674 Thread 0x0000000027c0d800 DEOPT UNPACKING pc=0x0000000002f6556a sp=0x000000002861ea10 mode 2
Event: 40.763 Thread 0x0000000027c0f000 DEOPT PACKING pc=0x000000000362bb71 sp=0x000000002881ed30
Event: 40.763 Thread 0x0000000027c0f000 DEOPT UNPACKING pc=0x0000000002f675bf sp=0x000000002881eab0 mode 0
Event: 40.853 Executing VM operation: ParallelGCFailedAllocation


Dynamic libraries:
0x00007ff6ebe50000 - 0x00007ff6ebe81000 	C:\Program Files\Android\Android Studio\jre\bin\java.exe
0x00007fffec860000 - 0x00007fffeca31000 	C:\Windows\SYSTEM32\ntdll.dll
0x00007fffe9fa0000 - 0x00007fffea04b000 	C:\Windows\System32\KERNEL32.DLL
0x00007fffe90b0000 - 0x00007fffe92cd000 	C:\Windows\System32\KERNELBASE.dll
0x00007fffea3f0000 - 0x00007fffea492000 	C:\Windows\System32\ADVAPI32.dll
0x00007fffec7c0000 - 0x00007fffec85e000 	C:\Windows\System32\msvcrt.dll
0x00007fffec5c0000 - 0x00007fffec619000 	C:\Windows\System32\sechost.dll
0x00007fffec210000 - 0x00007fffec331000 	C:\Windows\System32\RPCRT4.dll
0x00007fffec340000 - 0x00007fffec4a5000 	C:\Windows\System32\USER32.dll
0x00007fffe9520000 - 0x00007fffe953e000 	C:\Windows\System32\win32u.dll
0x00007fffe9e20000 - 0x00007fffe9e54000 	C:\Windows\System32\GDI32.dll
0x00007fffe8d50000 - 0x00007fffe8ed2000 	C:\Windows\System32\gdi32full.dll
0x00007fffc9df0000 - 0x00007fffca069000 	C:\Windows\WinSxS\amd64_microsoft.windows.common-controls_6595b64144ccf1df_6.0.14393.447_none_42191651c6827bb3\COMCTL32.dll
0x00007fffea110000 - 0x00007fffea3d7000 	C:\Windows\System32\combase.dll
0x00007fffe9420000 - 0x00007fffe9515000 	C:\Windows\System32\ucrtbase.dll
0x00007fffe9c20000 - 0x00007fffe9c8a000 	C:\Windows\System32\bcryptPrimitives.dll
0x00007fffea6e0000 - 0x00007fffea70e000 	C:\Windows\System32\IMM32.DLL
0x0000000063150000 - 0x0000000063222000 	C:\Program Files\Android\Android Studio\jre\jre\bin\msvcr100.dll
0x0000000063230000 - 0x0000000063a64000 	C:\Program Files\Android\Android Studio\jre\jre\bin\server\jvm.dll
0x00007fffea3e0000 - 0x00007fffea3e8000 	C:\Windows\System32\PSAPI.DLL
0x00007fffdc3b0000 - 0x00007fffdc3b9000 	C:\Windows\SYSTEM32\WSOCK32.dll
0x00007fffe6830000 - 0x00007fffe6853000 	C:\Windows\SYSTEM32\WINMM.dll
0x00007fffea570000 - 0x00007fffea5da000 	C:\Windows\System32\WS2_32.dll
0x00007fffe2cb0000 - 0x00007fffe2cba000 	C:\Windows\SYSTEM32\VERSION.dll
0x00007fffe67d0000 - 0x00007fffe67fb000 	C:\Windows\SYSTEM32\WINMMBASE.dll
0x00007fffe9c90000 - 0x00007fffe9cd2000 	C:\Windows\System32\cfgmgr32.dll
0x00007fffc82f0000 - 0x00007fffc82ff000 	C:\Program Files\Android\Android Studio\jre\jre\bin\verify.dll
0x00007fffb58c0000 - 0x00007fffb58e9000 	C:\Program Files\Android\Android Studio\jre\jre\bin\java.dll
0x00007fffae6b0000 - 0x00007fffae6c6000 	C:\Program Files\Android\Android Studio\jre\jre\bin\zip.dll
0x00007fffea770000 - 0x00007fffebc79000 	C:\Windows\System32\SHELL32.dll
0x00007fffe9540000 - 0x00007fffe9c1a000 	C:\Windows\System32\windows.storage.dll
0x00007fffe8cf0000 - 0x00007fffe8d3c000 	C:\Windows\System32\powrprof.dll
0x00007fffea680000 - 0x00007fffea6d2000 	C:\Windows\System32\shlwapi.dll
0x00007fffe8cc0000 - 0x00007fffe8ccf000 	C:\Windows\System32\kernel.appcore.dll
0x00007fffe9d40000 - 0x00007fffe9de9000 	C:\Windows\System32\shcore.dll
0x00007fffe8cd0000 - 0x00007fffe8ce4000 	C:\Windows\System32\profapi.dll
0x00007fffe1da0000 - 0x00007fffe1f32000 	C:\Windows\SYSTEM32\dbghelp.dll

VM Arguments:
jvm_args: -Djava.awt.headless=true -Xmx8g -Dfile.encoding=windows-1252 -Duser.country=US -Duser.language=en -Duser.variant 
java_command: com.android.dx.command.Main --dex --num-threads=4 --multi-dex --main-dex-list C:\Users\kuush\AndroidStudioProjects\Rakshan\app\build\intermediates\multi-dex\debug\maindexlist.txt --output C:\Users\kuush\AndroidStudioProjects\Rakshan\app\build\intermediates\transforms\dex\debug\folders\1000\1f\main C:\Users\kuush\AndroidStudioProjects\Rakshan\app\build\intermediates\transforms\jarMerging\debug\jars\1\1f\combined.jar
java_class_path (initial): C:\Users\kuush\AppData\Local\Android\sdk\build-tools\24.0.3\lib\dx.jar
Launcher Type: SUN_STANDARD

Environment Variables:
PATH=C:\ProgramData\Oracle\Java\javapath;C:\Windows\system32;C:\Windows;C:\Windows\System32\Wbem;C:\Windows\System32\WindowsPowerShell\v1.0\;C:\Program Files\Git\cmd;C:\Program Files\Microsoft SQL Server\120\Tools\Binn\;C:\Program Files\Microsoft SQL Server\130\Tools\Binn\;C:\Program Files (x86)\nodejs\;C:\Program Files (x86)\Windows Kits\10\Windows Performance Toolkit\;C:\Program Files (x86)\Brackets\command;C:\Program Files\Microsoft\Web Platform Installer\;C:\Program Files\dotnet\;C:\Program Files\Microsoft SQL Server\110\DTS\Binn\;C:\Program Files (x86)\Microsoft SQL Server\110\Tools\Binn\;C:\Program Files\Microsoft SQL Server\110\Tools\Binn\;C:\Program Files (x86)\Microsoft SQL Server\110\Tools\Binn\ManagementStudio\;C:\Program Files (x86)\Microsoft Visual Studio 10.0\Common7\IDE\PrivateAssemblies\;C:\Program Files (x86)\Microsoft SQL Server\110\DTS\Binn\;C:\Users\kuush\AppData\Local\Microsoft\WindowsApps;C:\Users\kuush\AppData\Roaming\npm
USERNAME=kuush
OS=Windows_NT
PROCESSOR_IDENTIFIER=Intel64 Family 6 Model 42 Stepping 7, GenuineIntel



---------------  S Y S T E M  ---------------

OS: Windows 10.0 , 64 bit Build 14393 (10.0.14393.0)

CPU:total 4 (2 cores per cpu, 2 threads per core) family 6 model 42 stepping 7, cmov, cx8, fxsr, mmx, sse, sse2, sse3, ssse3, sse4.1, sse4.2, popcnt, avx, aes, clmul, ht, tsc, tscinvbit

Memory: 4k page, physical 4127092k(302196k free), swap 7704292k(1365568k free)

vm_info: OpenJDK 64-Bit Server VM (25.76-b03) for windows-amd64 JRE (1.8.0_76-release-b03), built on Jun 29 2016 19:09:20 by "ralucas" with MS VC++ 10.0 (VS2010)

time: Mon Nov 28 16:05:26 2016
elapsed time: 44 seconds (0d 0h 0m 44s)

