#
# A fatal error has been detected by the Java Runtime Environment:
#
#  EXCEPTION_ACCESS_VIOLATION (0xc0000005) at pc=0x000000005a58e03b, pid=6076, tid=0x000000000000086c
#
# JRE version: OpenJDK Runtime Environment (8.0_76-b03) (build 1.8.0_76-release-b03)
# Java VM: OpenJDK 64-Bit Server VM (25.76-b03 mixed mode windows-amd64 compressed oops)
# Problematic frame:
# V  [jvm.dll+0xee03b]
#
# Failed to write core dump. Minidumps are not enabled by default on client versions of Windows
#
# If you would like to submit a bug report, please visit:
#   http://bugreport.java.com/bugreport/crash.jsp
#

---------------  T H R E A D  ---------------

Current thread (0x000000000263b800):  GCTaskThread [stack: 0x00000000138b0000,0x00000000139b0000] [id=2156]

siginfo: ExceptionCode=0xc0000005, reading address 0x0000000000000070

Registers:
RAX=0x00000000139b0000, RBX=0x00000005d198f078, RCX=0x0000000000000003, RDX=0x0000000000000001
RSP=0x00000000139af4f0, RBP=0x00000005d2308488, RSI=0x000000000270b890, RDI=0x000000000270b890
R8 =0x0000000000000068, R9 =0x00000007c006fc98, R10=0x000000000000000c, R11=0x000000005aa5fa68
R12=0x00000005d230848c, R13=0x00000007c006fe90, R14=0x00000007c006fe98, R15=0x00000005d2308478
RIP=0x000000005a58e03b, EFLAGS=0x0000000000010202

Top of Stack: (sp=0x00000000139af4f0)
0x00000000139af4f0:   00000007c006fc98 00000005d2308464
0x00000000139af500:   0000000000000003 000000005a6941f2
0x00000000139af510:   0000000000000000 000000000263c060
0x00000000139af520:   000000000262df80 0000000000000003
0x00000000139af530:   0000000000000595 000000005a85eb00
0x00000000139af540:   0000000025cefce8 0000000000000000
0x00000000139af550:   000000000270b890 000000005aaaba18
0x00000000139af560:   00000005d2387048 000000005a862c48
0x00000000139af570:   000000005ac59d00 0000000000000005
0x00000000139af580:   0000000000000000 000012760000089e
0x00000000139af590:   00000005c4f7dc84 000000005a58e0d6
0x00000000139af5a0:   00000005d2387048 000000000262df80
0x00000000139af5b0:   000000000263c070 000000000263c060
0x00000000139af5c0:   000000005aaaba18 0000000000000003
0x00000000139af5d0:   0000000027e31ff0 0000000000000000
0x00000000139af5e0:   000000000270b890 000000005a85c47f 

Instructions: (pc=0x000000005a58e03b)
0x000000005a58e01b:   6c 00 84 d2 74 16 44 8b 43 08 8b 0d 25 46 66 00
0x000000005a58e02b:   49 d3 e0 4c 03 05 13 46 66 00 eb 04 4c 8b 43 08
0x000000005a58e03b:   45 8b 48 08 45 85 c9 7e 0c 41 f6 c1 01 75 4b 41
0x000000005a58e04b:   c1 f9 03 eb 57 79 43 84 d2 41 8b c9 b8 10 00 00 


Register to memory mapping:

RAX=0x00000000139b0000 is an unknown value
RBX=0x00000005d198f078 is pointing into object: 0x00000005d198f068
[I 
 - klass: {type array int}
 - length: 1
RCX=0x0000000000000003 is an unknown value
RDX=0x0000000000000001 is an unknown value
RSP=0x00000000139af4f0 is an unknown value
RBP=0x00000005d2308488 is pointing into object: 0x00000005d2308478
com.android.dx.rop.annotation.NameValuePair 
 - klass: 'com/android/dx/rop/annotation/NameValuePair'
RSI=0x000000000270b890 is an unknown value
RDI=0x000000000270b890 is an unknown value
R8 =0x0000000000000068 is an unknown value
R9 =0x00000007c006fc98 is pointing into metadata
R10=0x000000000000000c is an unknown value
R11=0x000000005aa5fa68 is an unknown value
R12=0x00000005d230848c is pointing into object: 0x00000005d2308478
com.android.dx.rop.annotation.NameValuePair 
 - klass: 'com/android/dx/rop/annotation/NameValuePair'
R13=0x00000007c006fe90 is pointing into metadata
R14=0x00000007c006fe98 is pointing into metadata
R15=0x00000005d2308478 is an oop
com.android.dx.rop.annotation.NameValuePair 
 - klass: 'com/android/dx/rop/annotation/NameValuePair'


Stack: [0x00000000138b0000,0x00000000139b0000],  sp=0x00000000139af4f0,  free space=1021k
Native frames: (J=compiled Java code, j=interpreted, Vv=VM code, C=native code)
V  [jvm.dll+0xee03b]
V  [jvm.dll+0x3beb00]
V  [jvm.dll+0x3bc47f]
V  [jvm.dll+0x3b997e]
V  [jvm.dll+0x26b60a]
C  [msvcr100.dll+0x21d9f]
C  [msvcr100.dll+0x21e3b]
C  [KERNEL32.DLL+0x8364]
C  [ntdll.dll+0x670d1]


---------------  P R O C E S S  ---------------

Java Threads: ( => current thread )
  0x0000000027534000 JavaThread "pool-2-thread-4" [_thread_blocked, id=4836, stack(0x0000000028f30000,0x0000000029030000)]
  0x000000002752f800 JavaThread "pool-2-thread-3" [_thread_blocked, id=9848, stack(0x0000000028e30000,0x0000000028f30000)]
  0x000000002752e800 JavaThread "pool-2-thread-2" [_thread_blocked, id=7748, stack(0x0000000028d30000,0x0000000028e30000)]
  0x000000002752e000 JavaThread "pool-3-thread-1" [_thread_blocked, id=4572, stack(0x0000000028c30000,0x0000000028d30000)]
  0x00000000273d8000 JavaThread "pool-2-thread-1" [_thread_blocked, id=3212, stack(0x0000000028b30000,0x0000000028c30000)]
  0x0000000026d7b000 JavaThread "Service Thread" daemon [_thread_blocked, id=6100, stack(0x0000000027160000,0x0000000027260000)]
  0x00000000253f1000 JavaThread "C1 CompilerThread2" daemon [_thread_blocked, id=10196, stack(0x0000000026c60000,0x0000000026d60000)]
  0x00000000253e9000 JavaThread "C2 CompilerThread1" daemon [_thread_blocked, id=436, stack(0x0000000026b60000,0x0000000026c60000)]
  0x00000000253f8800 JavaThread "C2 CompilerThread0" daemon [_thread_blocked, id=8524, stack(0x0000000026a60000,0x0000000026b60000)]
  0x00000000253f7000 JavaThread "Attach Listener" daemon [_thread_blocked, id=2488, stack(0x0000000026960000,0x0000000026a60000)]
  0x00000000253f6000 JavaThread "Signal Dispatcher" daemon [_thread_blocked, id=9904, stack(0x0000000026860000,0x0000000026960000)]
  0x00000000253d8800 JavaThread "Finalizer" daemon [_thread_blocked, id=5452, stack(0x0000000026660000,0x0000000026760000)]
  0x0000000002711000 JavaThread "Reference Handler" daemon [_thread_blocked, id=8592, stack(0x0000000026560000,0x0000000026660000)]
  0x00000000024ed800 JavaThread "main" [_thread_blocked, id=10184, stack(0x0000000002520000,0x0000000002620000)]

Other Threads:
  0x00000000253b5800 VMThread [stack: 0x0000000026460000,0x0000000026560000] [id=9944]
  0x000000002544e000 WatcherThread [stack: 0x0000000027260000,0x0000000027360000] [id=9928]

=>0x000000000263b800 (exited) GCTaskThread [stack: 0x00000000138b0000,0x00000000139b0000] [id=2156]

VM state:at safepoint (normal execution)

VM Mutex/Monitor currently owned by a thread:  ([mutex/lock_event])
[0x00000000024eca90] Threads_lock - owner thread: 0x00000000253b5800
[0x00000000024ec510] Heap_lock - owner thread: 0x000000002752f800

Heap:
 PSYoungGen      total 515584K, used 166886K [0x0000000715580000, 0x000000074dc80000, 0x00000007c0000000)
  eden space 348672K, 0% used [0x0000000715580000,0x0000000715580000,0x000000072aa00000)
  from space 166912K, 99% used [0x0000000739880000,0x0000000743b79890,0x0000000743b80000)
  to   space 244224K, 0% used [0x000000072aa00000,0x000000072aa00000,0x0000000739880000)
 ParOldGen       total 544256K, used 543808K [0x00000005c0000000, 0x00000005e1380000, 0x0000000715580000)
  object space 544256K, 99% used [0x00000005c0000000,0x00000005e1310230,0x00000005e1380000)
 Metaspace       used 6637K, capacity 7282K, committed 7552K, reserved 1056768K
  class space    used 601K, capacity 618K, committed 640K, reserved 1048576K

Card table byte_map: [0x0000000011af0000,0x0000000012b00000] byte_map_base: 0x000000000ecf0000

Marking Bits: (ParMarkBitMap*) 0x000000005ac59d00
 Begin Bits: [0x00000000139b0000, 0x000000001b9b0000)
 End Bits:   [0x000000001b9b0000, 0x00000000239b0000)

Polling page: 0x00000000024f0000

CodeCache: size=245760Kb used=11768Kb max_used=13811Kb free=233991Kb
 bounds [0x0000000002730000, 0x00000000034e0000, 0x0000000011730000]
 total_blobs=2766 nmethods=2496 adapters=183
 compilation: enabled

Compilation events (10 events):
Event: 41.318 Thread 0x00000000253f1000 nmethod 3091 0x000000000301d410 code [0x000000000301d580, 0x000000000301d910]
Event: 41.367 Thread 0x00000000253e9000 nmethod 3089 0x00000000033d8e10 code [0x00000000033d90c0, 0x00000000033dae00]
Event: 41.382 Thread 0x00000000253e9000 3092       4       com.android.dx.cf.code.BasicBlocker::visitBranch (98 bytes)
Event: 41.397 Thread 0x00000000253e9000 nmethod 3092 0x00000000033d7910 code [0x00000000033d7ac0, 0x00000000033d8408]
Event: 41.479 Thread 0x00000000253f8800 nmethod 3079 0x0000000003087990 code [0x0000000003089140, 0x00000000030906d0]
Event: 42.405 Thread 0x00000000253e9000 3093       4       com.android.dx.util.ListIntSet$1::hasNext (23 bytes)
Event: 42.405 Thread 0x00000000253f8800 3094       4       com.android.dx.util.ListIntSet::iterator (9 bytes)
Event: 42.406 Thread 0x00000000253e9000 nmethod 3093 0x0000000002b64890 code [0x0000000002b649c0, 0x0000000002b64a58]
Event: 42.406 Thread 0x00000000253f8800 nmethod 3094 0x0000000002cfbc10 code [0x0000000002cfbd60, 0x0000000002cfbe38]
Event: 42.408 Thread 0x00000000253e9000 3095 %     4       com.android.dx.ssa.SsaConverter::placePhiFunctions @ 229 (394 bytes)

GC Heap History (10 events):
Event: 33.532 GC heap after
Heap after GC invocations=23 (full 4):
 PSYoungGen      total 479232K, used 60577K [0x0000000715580000, 0x000000073bc80000, 0x00000007c0000000)
  eden space 366080K, 0% used [0x0000000715580000,0x0000000715580000,0x000000072bb00000)
  from space 113152K, 53% used [0x000000072bb00000,0x000000072f6285f8,0x0000000732980000)
  to   space 113152K, 0% used [0x0000000734e00000,0x0000000734e00000,0x000000073bc80000)
 ParOldGen       total 372224K, used 372117K [0x00000005c0000000, 0x00000005d6b80000, 0x0000000715580000)
  object space 372224K, 99% used [0x00000005c0000000,0x00000005d6b65540,0x00000005d6b80000)
 Metaspace       used 6625K, capacity 7282K, committed 7552K, reserved 1056768K
  class space    used 600K, capacity 618K, committed 640K, reserved 1048576K
}
Event: 33.532 GC heap before
{Heap before GC invocations=24 (full 5):
 PSYoungGen      total 479232K, used 60577K [0x0000000715580000, 0x000000073bc80000, 0x00000007c0000000)
  eden space 366080K, 0% used [0x0000000715580000,0x0000000715580000,0x000000072bb00000)
  from space 113152K, 53% used [0x000000072bb00000,0x000000072f6285f8,0x0000000732980000)
  to   space 113152K, 0% used [0x0000000734e00000,0x0000000734e00000,0x000000073bc80000)
 ParOldGen       total 372224K, used 372117K [0x00000005c0000000, 0x00000005d6b80000, 0x0000000715580000)
  object space 372224K, 99% used [0x00000005c0000000,0x00000005d6b65540,0x00000005d6b80000)
 Metaspace       used 6625K, capacity 7282K, committed 7552K, reserved 1056768K
  class space    used 600K, capacity 618K, committed 640K, reserved 1048576K
Event: 37.021 GC heap after
Heap after GC invocations=24 (full 5):
 PSYoungGen      total 479232K, used 53566K [0x0000000715580000, 0x000000073bc80000, 0x00000007c0000000)
  eden space 366080K, 0% used [0x0000000715580000,0x0000000715580000,0x000000072bb00000)
  from space 113152K, 47% used [0x000000072bb00000,0x000000072ef4fb70,0x0000000732980000)
  to   space 113152K, 0% used [0x0000000734e00000,0x0000000734e00000,0x000000073bc80000)
 ParOldGen       total 537088K, used 371752K [0x00000005c0000000, 0x00000005e0c80000, 0x0000000715580000)
  object space 537088K, 69% used [0x00000005c0000000,0x00000005d6b0a1a8,0x00000005e0c80000)
 Metaspace       used 6625K, capacity 7282K, committed 7552K, reserved 1056768K
  class space    used 600K, capacity 618K, committed 640K, reserved 1048576K
}
Event: 39.087 GC heap before
{Heap before GC invocations=25 (full 5):
 PSYoungGen      total 479232K, used 419646K [0x0000000715580000, 0x000000073bc80000, 0x00000007c0000000)
  eden space 366080K, 100% used [0x0000000715580000,0x000000072bb00000,0x000000072bb00000)
  from space 113152K, 47% used [0x000000072bb00000,0x000000072ef4fb70,0x0000000732980000)
  to   space 113152K, 0% used [0x0000000734e00000,0x0000000734e00000,0x000000073bc80000)
 ParOldGen       total 537088K, used 371752K [0x00000005c0000000, 0x00000005e0c80000, 0x0000000715580000)
  object space 537088K, 69% used [0x00000005c0000000,0x00000005d6b0a1a8,0x00000005e0c80000)
 Metaspace       used 6635K, capacity 7282K, committed 7552K, reserved 1056768K
  class space    used 601K, capacity 618K, committed 640K, reserved 1048576K
Event: 39.345 GC heap after
Heap after GC invocations=25 (full 5):
 PSYoungGen      total 499200K, used 108295K [0x0000000715580000, 0x000000073d980000, 0x00000007c0000000)
  eden space 386048K, 0% used [0x0000000715580000,0x0000000715580000,0x000000072ce80000)
  from space 113152K, 95% used [0x0000000734e00000,0x000000073b7c1e90,0x000000073bc80000)
  to   space 130560K, 0% used [0x000000072ce80000,0x000000072ce80000,0x0000000734e00000)
 ParOldGen       total 537088K, used 371752K [0x00000005c0000000, 0x00000005e0c80000, 0x0000000715580000)
  object space 537088K, 69% used [0x00000005c0000000,0x00000005d6b0a1a8,0x00000005e0c80000)
 Metaspace       used 6635K, capacity 7282K, committed 7552K, reserved 1056768K
  class space    used 601K, capacity 618K, committed 640K, reserved 1048576K
}
Event: 40.763 GC heap before
{Heap before GC invocations=26 (full 5):
 PSYoungGen      total 499200K, used 494343K [0x0000000715580000, 0x000000073d980000, 0x00000007c0000000)
  eden space 386048K, 100% used [0x0000000715580000,0x000000072ce80000,0x000000072ce80000)
  from space 113152K, 95% used [0x0000000734e00000,0x000000073b7c1e90,0x000000073bc80000)
  to   space 130560K, 0% used [0x000000072ce80000,0x000000072ce80000,0x0000000734e00000)
 ParOldGen       total 537088K, used 371752K [0x00000005c0000000, 0x00000005e0c80000, 0x0000000715580000)
  object space 537088K, 69% used [0x00000005c0000000,0x00000005d6b0a1a8,0x00000005e0c80000)
 Metaspace       used 6637K, capacity 7282K, committed 7552K, reserved 1056768K
  class space    used 601K, capacity 618K, committed 640K, reserved 1048576K
Event: 40.965 GC heap after
Heap after GC invocations=26 (full 5):
 PSYoungGen      total 516608K, used 130546K [0x0000000715580000, 0x0000000743b80000, 0x00000007c0000000)
  eden space 386048K, 0% used [0x0000000715580000,0x0000000715580000,0x000000072ce80000)
  from space 130560K, 99% used [0x000000072ce80000,0x0000000734dfc878,0x0000000734e00000)
  to   space 166912K, 0% used [0x0000000739880000,0x0000000739880000,0x0000000743b80000)
 ParOldGen       total 537088K, used 411369K [0x00000005c0000000, 0x00000005e0c80000, 0x0000000715580000)
  object space 537088K, 76% used [0x00000005c0000000,0x00000005d91ba678,0x00000005e0c80000)
 Metaspace       used 6637K, capacity 7282K, committed 7552K, reserved 1056768K
  class space    used 601K, capacity 618K, committed 640K, reserved 1048576K
}
Event: 42.533 GC heap before
{Heap before GC invocations=27 (full 5):
 PSYoungGen      total 516608K, used 516594K [0x0000000715580000, 0x0000000743b80000, 0x00000007c0000000)
  eden space 386048K, 100% used [0x0000000715580000,0x000000072ce80000,0x000000072ce80000)
  from space 130560K, 99% used [0x000000072ce80000,0x0000000734dfc878,0x0000000734e00000)
  to   space 166912K, 0% used [0x0000000739880000,0x0000000739880000,0x0000000743b80000)
 ParOldGen       total 537088K, used 411369K [0x00000005c0000000, 0x00000005e0c80000, 0x0000000715580000)
  object space 537088K, 76% used [0x00000005c0000000,0x00000005d91ba678,0x00000005e0c80000)
 Metaspace       used 6637K, capacity 7282K, committed 7552K, reserved 1056768K
  class space    used 601K, capacity 618K, committed 640K, reserved 1048576K
Event: 42.924 GC heap after
Heap after GC invocations=27 (full 5):
 PSYoungGen      total 515584K, used 166886K [0x0000000715580000, 0x000000074dc80000, 0x00000007c0000000)
  eden space 348672K, 0% used [0x0000000715580000,0x0000000715580000,0x000000072aa00000)
  from space 166912K, 99% used [0x0000000739880000,0x0000000743b79890,0x0000000743b80000)
  to   space 244224K, 0% used [0x000000072aa00000,0x000000072aa00000,0x0000000739880000)
 ParOldGen       total 544256K, used 543808K [0x00000005c0000000, 0x00000005e1380000, 0x0000000715580000)
  object space 544256K, 99% used [0x00000005c0000000,0x00000005e1310230,0x00000005e1380000)
 Metaspace       used 6637K, capacity 7282K, committed 7552K, reserved 1056768K
  class space    used 601K, capacity 618K, committed 640K, reserved 1048576K
}
Event: 42.924 GC heap before
{Heap before GC invocations=28 (full 6):
 PSYoungGen      total 515584K, used 166886K [0x0000000715580000, 0x000000074dc80000, 0x00000007c0000000)
  eden space 348672K, 0% used [0x0000000715580000,0x0000000715580000,0x000000072aa00000)
  from space 166912K, 99% used [0x0000000739880000,0x0000000743b79890,0x0000000743b80000)
  to   space 244224K, 0% used [0x000000072aa00000,0x000000072aa00000,0x0000000739880000)
 ParOldGen       total 544256K, used 543808K [0x00000005c0000000, 0x00000005e1380000, 0x0000000715580000)
  object space 544256K, 99% used [0x00000005c0000000,0x00000005e1310230,0x00000005e1380000)
 Metaspace       used 6637K, capacity 7282K, committed 7552K, reserved 1056768K
  class space    used 601K, capacity 618K, committed 640K, reserved 1048576K

Deoptimization events (10 events):
Event: 40.166 Thread 0x000000002752e800 Uncommon trap: reason=class_check action=maybe_recompile pc=0x00000000028a1cb8 method=com.android.dx.ssa.SCCP.simulateBranch(Lcom/android/dx/ssa/SsaInsn;)V @ 339
Event: 40.171 Thread 0x000000002752e800 Uncommon trap: reason=class_check action=maybe_recompile pc=0x00000000028a1cb8 method=com.android.dx.ssa.SCCP.simulateBranch(Lcom/android/dx/ssa/SsaInsn;)V @ 339
Event: 41.056 Thread 0x000000002752e800 Uncommon trap: reason=unstable_if action=reinterpret pc=0x0000000002a0d514 method=com.android.dx.ssa.SCCP.simulateStmt(Lcom/android/dx/ssa/SsaInsn;)V @ 435
Event: 41.059 Thread 0x00000000273d8000 Uncommon trap: reason=class_check action=maybe_recompile pc=0x00000000034a51f8 method=com.android.dx.cf.code.BytecodeArray.parseInstruction(ILcom/android/dx/cf/code/BytecodeArray$Visitor;)I @ 2092
Event: 41.080 Thread 0x000000002752e800 Uncommon trap: reason=class_check action=maybe_recompile pc=0x00000000034a51f8 method=com.android.dx.cf.code.BytecodeArray.parseInstruction(ILcom/android/dx/cf/code/BytecodeArray$Visitor;)I @ 2092
Event: 42.405 Thread 0x000000002752e800 Uncommon trap: reason=class_check action=maybe_recompile pc=0x0000000003496b6c method=com.android.dx.ssa.SsaConverter.placePhiFunctions(Lcom/android/dx/ssa/SsaMethod;Lcom/android/dx/ssa/LocalVariableInfo;I)V @ 257
Event: 42.406 Thread 0x000000002752e800 Uncommon trap: reason=class_check action=maybe_recompile pc=0x00000000031d572c method=com.android.dx.ssa.SsaConverter.placePhiFunctions(Lcom/android/dx/ssa/SsaMethod;Lcom/android/dx/ssa/LocalVariableInfo;I)V @ 257
Event: 42.407 Thread 0x000000002752e800 Uncommon trap: reason=class_check action=maybe_recompile pc=0x00000000031d572c method=com.android.dx.ssa.SsaConverter.placePhiFunctions(Lcom/android/dx/ssa/SsaMethod;Lcom/android/dx/ssa/LocalVariableInfo;I)V @ 257
Event: 42.451 Thread 0x0000000027534000 Uncommon trap: reason=class_check action=maybe_recompile pc=0x0000000003496b6c method=com.android.dx.ssa.SsaConverter.placePhiFunctions(Lcom/android/dx/ssa/SsaMethod;Lcom/android/dx/ssa/LocalVariableInfo;I)V @ 257
Event: 42.521 Thread 0x00000000273d8000 Uncommon trap: reason=class_check action=maybe_recompile pc=0x00000000034480a8 method=com.android.dx.ssa.SsaConverter.placePhiFunctions(Lcom/android/dx/ssa/SsaMethod;Lcom/android/dx/ssa/LocalVariableInfo;I)V @ 257

Internal exceptions (9 events):
Event: 0.026 Thread 0x00000000024ed800 Exception <a 'java/lang/NoSuchMethodError': Method sun.misc.Unsafe.defineClass(Ljava/lang/String;[BII)Ljava/lang/Class; name or signature does not match> (0x0000000715587cc0) thrown at [C:\src\android\AOSP-openjdk\external\jetbrains\jdk\hotspot\src\share\vJx/š?
Event: 0.026 Thread 0x00000000024ed800 Exception <a 'java/lang/NoSuchMethodError': Method sun.misc.Unsafe.prefetchRead(Ljava/lang/Object;J)V name or signature does not match> (0x0000000715587fa8) thrown at [C:\src\android\AOSP-openjdk\external\jetbrains\jdk\hotspot\src\share\vm\prims\jni.cpp, l›8)¥_!@
Event: 8.687 Thread 0x0000000027534000 Implicit null exception at 0x0000000002aee162 to 0x0000000002af144d
Event: 8.741 Thread 0x000000002752e800 Implicit null exception at 0x0000000002a66be2 to 0x0000000002a66ce9
Event: 9.835 Thread 0x00000000273d8000 Exception <a 'java/lang/ArrayIndexOutOfBoundsException': 18> (0x00000007182b3dc0) thrown at [C:\src\android\AOSP-openjdk\external\jetbrains\jdk\hotspot\src\share\vm\interpreter\interpreterRuntime.cpp, line 366]
Event: 9.836 Thread 0x00000000273d8000 Exception <a 'java/lang/ArrayIndexOutOfBoundsException': 145> (0x00000007182b5940) thrown at [C:\src\android\AOSP-openjdk\external\jetbrains\jdk\hotspot\src\share\vm\interpreter\interpreterRuntime.cpp, line 366]
Event: 9.838 Thread 0x00000000273d8000 Exception <a 'java/lang/ArrayIndexOutOfBoundsException'> (0x0000000718532740) thrown at [C:\src\android\AOSP-openjdk\external\jetbrains\jdk\hotspot\src\share\vm\runtime\sharedRuntime.cpp, line 605]
Event: 17.990 Thread 0x00000000024ed800 Implicit null exception at 0x000000000289b850 to 0x000000000289c1b5
Event: 25.151 Thread 0x00000000273d8000 Implicit null exception at 0x00000000032e33ac to 0x00000000032eb609

Events (10 events):
Event: 42.407 Thread 0x000000002752e800 Uncommon trap: trap_request=0xffffffde fr.pc=0x00000000031d572c
Event: 42.407 Thread 0x000000002752e800 DEOPT PACKING pc=0x00000000031d572c sp=0x0000000028e2eb00
Event: 42.407 Thread 0x000000002752e800 DEOPT UNPACKING pc=0x000000000277556a sp=0x0000000028e2eb08 mode 2
Event: 42.451 Thread 0x0000000027534000 Uncommon trap: trap_request=0xffffffde fr.pc=0x0000000003496b6c
Event: 42.451 Thread 0x0000000027534000 DEOPT PACKING pc=0x0000000003496b6c sp=0x000000002902e9e0
Event: 42.451 Thread 0x0000000027534000 DEOPT UNPACKING pc=0x000000000277556a sp=0x000000002902ea28 mode 2
Event: 42.521 Thread 0x00000000273d8000 Uncommon trap: trap_request=0xffffffde fr.pc=0x00000000034480a8
Event: 42.521 Thread 0x00000000273d8000 DEOPT PACKING pc=0x00000000034480a8 sp=0x0000000028c2ee10
Event: 42.521 Thread 0x00000000273d8000 DEOPT UNPACKING pc=0x000000000277556a sp=0x0000000028c2ee58 mode 2
Event: 42.533 Executing VM operation: ParallelGCFailedAllocation


Dynamic libraries:
0x00007ff6693d0000 - 0x00007ff669401000 	C:\Program Files\Android\Android Studio\jre\bin\java.exe
0x00007ffc30690000 - 0x00007ffc30861000 	C:\Windows\SYSTEM32\ntdll.dll
0x00007ffc30420000 - 0x00007ffc304cb000 	C:\Windows\System32\KERNEL32.DLL
0x00007ffc2d120000 - 0x00007ffc2d33d000 	C:\Windows\System32\KERNELBASE.dll
0x00007ffc304d0000 - 0x00007ffc30572000 	C:\Windows\System32\ADVAPI32.dll
0x00007ffc302e0000 - 0x00007ffc3037e000 	C:\Windows\System32\msvcrt.dll
0x00007ffc2df30000 - 0x00007ffc2df89000 	C:\Windows\System32\sechost.dll
0x00007ffc2e380000 - 0x00007ffc2e4a1000 	C:\Windows\System32\RPCRT4.dll
0x00007ffc2e640000 - 0x00007ffc2e7a5000 	C:\Windows\System32\USER32.dll
0x00007ffc2dc00000 - 0x00007ffc2dc1e000 	C:\Windows\System32\win32u.dll
0x00007ffc2dc20000 - 0x00007ffc2dc54000 	C:\Windows\System32\GDI32.dll
0x00007ffc2d340000 - 0x00007ffc2d4c2000 	C:\Windows\System32\gdi32full.dll
0x00007ffc13a50000 - 0x00007ffc13cc9000 	C:\Windows\WinSxS\amd64_microsoft.windows.common-controls_6595b64144ccf1df_6.0.14393.447_none_42191651c6827bb3\COMCTL32.dll
0x00007ffc2dc60000 - 0x00007ffc2df28000 	C:\Windows\System32\combase.dll
0x00007ffc2d020000 - 0x00007ffc2d115000 	C:\Windows\System32\ucrtbase.dll
0x00007ffc2cbe0000 - 0x00007ffc2cc4a000 	C:\Windows\System32\bcryptPrimitives.dll
0x00007ffc2e4b0000 - 0x00007ffc2e4de000 	C:\Windows\System32\IMM32.DLL
0x000000005b1c0000 - 0x000000005b292000 	C:\Program Files\Android\Android Studio\jre\jre\bin\msvcr100.dll
0x000000005a4a0000 - 0x000000005acd4000 	C:\Program Files\Android\Android Studio\jre\jre\bin\server\jvm.dll
0x00007ffc2e070000 - 0x00007ffc2e078000 	C:\Windows\System32\PSAPI.DLL
0x00007ffc2a720000 - 0x00007ffc2a743000 	C:\Windows\SYSTEM32\WINMM.dll
0x00007ffc23290000 - 0x00007ffc2329a000 	C:\Windows\SYSTEM32\VERSION.dll
0x00007ffc22a60000 - 0x00007ffc22a69000 	C:\Windows\SYSTEM32\WSOCK32.dll
0x00007ffc2e000000 - 0x00007ffc2e06a000 	C:\Windows\System32\WS2_32.dll
0x00000000024b0000 - 0x00000000024db000 	C:\Windows\SYSTEM32\WINMMBASE.dll
0x00007ffc2dbb0000 - 0x00007ffc2dbf2000 	C:\Windows\System32\cfgmgr32.dll
0x00007ffc2a7b0000 - 0x00007ffc2a7bf000 	C:\Program Files\Android\Android Studio\jre\jre\bin\verify.dll
0x00007ffc25780000 - 0x00007ffc257a9000 	C:\Program Files\Android\Android Studio\jre\jre\bin\java.dll
0x00007ffc25560000 - 0x00007ffc25576000 	C:\Program Files\Android\Android Studio\jre\jre\bin\zip.dll
0x00007ffc2ed70000 - 0x00007ffc30279000 	C:\Windows\System32\SHELL32.dll
0x00007ffc2d4d0000 - 0x00007ffc2dbaa000 	C:\Windows\System32\windows.storage.dll
0x00007ffc2cb00000 - 0x00007ffc2cb4c000 	C:\Windows\System32\powrprof.dll
0x00007ffc2e7b0000 - 0x00007ffc2e802000 	C:\Windows\System32\shlwapi.dll
0x00007ffc2caf0000 - 0x00007ffc2caff000 	C:\Windows\System32\kernel.appcore.dll
0x00007ffc2cf70000 - 0x00007ffc2d019000 	C:\Windows\System32\shcore.dll
0x00007ffc2cb50000 - 0x00007ffc2cb64000 	C:\Windows\System32\profapi.dll
0x00007ffc1d4a0000 - 0x00007ffc1d632000 	C:\Windows\SYSTEM32\dbghelp.dll

VM Arguments:
jvm_args: -Djava.awt.headless=true -Xmx8g -Dfile.encoding=windows-1252 -Duser.country=US -Duser.language=en -Duser.variant 
java_command: com.android.dx.command.Main --dex --num-threads=4 --multi-dex --main-dex-list C:\Users\kuush\AndroidStudioProjects\Rakshan\app\build\intermediates\multi-dex\debug\maindexlist.txt --output C:\Users\kuush\AndroidStudioProjects\Rakshan\app\build\intermediates\transforms\dex\debug\folders\1000\1f\main C:\Users\kuush\AndroidStudioProjects\Rakshan\app\build\intermediates\transforms\jarMerging\debug\jars\1\1f\combined.jar
java_class_path (initial): C:\Users\kuush\AppData\Local\Android\sdk\build-tools\24.0.3\lib\dx.jar
Launcher Type: SUN_STANDARD

Environment Variables:
PATH=C:\ProgramData\Oracle\Java\javapath;C:\Windows\system32;C:\Windows;C:\Windows\System32\Wbem;C:\Windows\System32\WindowsPowerShell\v1.0\;C:\Program Files\Git\cmd;C:\Program Files\Microsoft SQL Server\120\Tools\Binn\;C:\Program Files\Microsoft SQL Server\130\Tools\Binn\;C:\Program Files (x86)\nodejs\;C:\Program Files (x86)\Windows Kits\10\Windows Performance Toolkit\;C:\Program Files (x86)\Brackets\command;C:\Program Files\Microsoft\Web Platform Installer\;C:\Program Files\dotnet\;C:\Program Files\Microsoft SQL Server\110\DTS\Binn\;C:\Program Files (x86)\Microsoft SQL Server\110\Tools\Binn\;C:\Program Files\Microsoft SQL Server\110\Tools\Binn\;C:\Program Files (x86)\Microsoft SQL Server\110\Tools\Binn\ManagementStudio\;C:\Program Files (x86)\Microsoft Visual Studio 10.0\Common7\IDE\PrivateAssemblies\;C:\Program Files (x86)\Microsoft SQL Server\110\DTS\Binn\;C:\Users\kuush\AppData\Local\Microsoft\WindowsApps;C:\Users\kuush\AppData\Roaming\npm
USERNAME=kuush
OS=Windows_NT
PROCESSOR_IDENTIFIER=Intel64 Family 6 Model 42 Stepping 7, GenuineIntel



---------------  S Y S T E M  ---------------

OS: Windows 10.0 , 64 bit Build 14393 (10.0.14393.0)

CPU:total 4 (2 cores per cpu, 2 threads per core) family 6 model 42 stepping 7, cmov, cx8, fxsr, mmx, sse, sse2, sse3, ssse3, sse4.1, sse4.2, popcnt, avx, aes, clmul, ht, tsc, tscinvbit

Memory: 4k page, physical 4127092k(197468k free), swap 9230448k(1344708k free)

vm_info: OpenJDK 64-Bit Server VM (25.76-b03) for windows-amd64 JRE (1.8.0_76-release-b03), built on Jun 29 2016 19:09:20 by "ralucas" with MS VC++ 10.0 (VS2010)

time: Mon Dec 19 13:20:15 2016
elapsed time: 44 seconds (0d 0h 0m 44s)

